<?xml version="1.0" encoding="UTF-8"?>
<!-- Generated by org.testng.reporters.JUnitReportReporter -->
<testsuite hostname="SONY-LAPTOP" failures="0" tests="1" name="Practice.test0" time="0.020" errors="0" timestamp="2022-09-12T20:31:01 IST" skipped="0">
  <testcase classname="Practice.test0" name="tc0" time="0.020"/>
  <system-out/>
</testsuite> <!-- Practice.test0 -->
