<?xml version="1.0" encoding="UTF-8"?>
<!-- Generated by org.testng.reporters.JUnitReportReporter -->
<testsuite hostname="SONY-LAPTOP" failures="0" tests="1" name="Practice.test1" time="0.019" errors="0" timestamp="2022-09-12T20:32:27 IST" skipped="0">
  <testcase classname="Practice.test1" name="tc1" time="0.019"/>
  <system-out/>
</testsuite> <!-- Practice.test1 -->
